This is pdfTeX, Version 3.14159265-2.6-1.40.16 (TeX Live 2015/Debian) (preloaded format=pdflatex 2018.4.17)  28 MAY 2018 02:47
entering extended mode
 restricted \write18 enabled.
 %&-line parsing enabled.
**report.tex
(./report.tex
LaTeX2e <2016/02/01>
Babel <3.9q> and hyphenation patterns for 81 language(s) loaded.
(/usr/share/texlive/texmf-dist/tex/latex/base/article.cls
Document Class: article 2014/09/29 v1.4h Standard LaTeX document class
(/usr/share/texlive/texmf-dist/tex/latex/base/size12.clo
File: size12.clo 2014/09/29 v1.4h Standard LaTeX file (size option)
)
\c@part=\count79
\c@section=\count80
\c@subsection=\count81
\c@subsubsection=\count82
\c@paragraph=\count83
\c@subparagraph=\count84
\c@figure=\count85
\c@table=\count86
\abovecaptionskip=\skip41
\belowcaptionskip=\skip42
\bibindent=\dimen102
)
(/usr/share/texlive/texmf-dist/tex/latex/base/inputenc.sty
Package: inputenc 2015/03/17 v1.2c Input encoding file
\inpenc@prehook=\toks14
\inpenc@posthook=\toks15

(/usr/share/texlive/texmf-dist/tex/latex/base/utf8.def
File: utf8.def 2015/12/03 v1.1r UTF-8 support for inputenc
Now handling font encoding OML ...
... no UTF-8 mapping file for font encoding OML
Now handling font encoding T1 ...
... processing UTF-8 mapping file for font encoding T1

(/usr/share/texlive/texmf-dist/tex/latex/base/t1enc.dfu
File: t1enc.dfu 2015/12/03 v1.1r UTF-8 support for inputenc
   defining Unicode char U+00A0 (decimal 160)
   defining Unicode char U+00A1 (decimal 161)
   defining Unicode char U+00A3 (decimal 163)
   defining Unicode char U+00AB (decimal 171)
   defining Unicode char U+00AD (decimal 173)
   defining Unicode char U+00BB (decimal 187)
   defining Unicode char U+00BF (decimal 191)
   defining Unicode char U+00C0 (decimal 192)
   defining Unicode char U+00C1 (decimal 193)
   defining Unicode char U+00C2 (decimal 194)
   defining Unicode char U+00C3 (decimal 195)
   defining Unicode char U+00C4 (decimal 196)
   defining Unicode char U+00C5 (decimal 197)
   defining Unicode char U+00C6 (decimal 198)
   defining Unicode char U+00C7 (decimal 199)
   defining Unicode char U+00C8 (decimal 200)
   defining Unicode char U+00C9 (decimal 201)
   defining Unicode char U+00CA (decimal 202)
   defining Unicode char U+00CB (decimal 203)
   defining Unicode char U+00CC (decimal 204)
   defining Unicode char U+00CD (decimal 205)
   defining Unicode char U+00CE (decimal 206)
   defining Unicode char U+00CF (decimal 207)
   defining Unicode char U+00D0 (decimal 208)
   defining Unicode char U+00D1 (decimal 209)
   defining Unicode char U+00D2 (decimal 210)
   defining Unicode char U+00D3 (decimal 211)
   defining Unicode char U+00D4 (decimal 212)
   defining Unicode char U+00D5 (decimal 213)
   defining Unicode char U+00D6 (decimal 214)
   defining Unicode char U+00D8 (decimal 216)
   defining Unicode char U+00D9 (decimal 217)
   defining Unicode char U+00DA (decimal 218)
   defining Unicode char U+00DB (decimal 219)
   defining Unicode char U+00DC (decimal 220)
   defining Unicode char U+00DD (decimal 221)
   defining Unicode char U+00DE (decimal 222)
   defining Unicode char U+00DF (decimal 223)
   defining Unicode char U+00E0 (decimal 224)
   defining Unicode char U+00E1 (decimal 225)
   defining Unicode char U+00E2 (decimal 226)
   defining Unicode char U+00E3 (decimal 227)
   defining Unicode char U+00E4 (decimal 228)
   defining Unicode char U+00E5 (decimal 229)
   defining Unicode char U+00E6 (decimal 230)
   defining Unicode char U+00E7 (decimal 231)
   defining Unicode char U+00E8 (decimal 232)
   defining Unicode char U+00E9 (decimal 233)
   defining Unicode char U+00EA (decimal 234)
   defining Unicode char U+00EB (decimal 235)
   defining Unicode char U+00EC (decimal 236)
   defining Unicode char U+00ED (decimal 237)
   defining Unicode char U+00EE (decimal 238)
   defining Unicode char U+00EF (decimal 239)
   defining Unicode char U+00F0 (decimal 240)
   defining Unicode char U+00F1 (decimal 241)
   defining Unicode char U+00F2 (decimal 242)
   defining Unicode char U+00F3 (decimal 243)
   defining Unicode char U+00F4 (decimal 244)
   defining Unicode char U+00F5 (decimal 245)
   defining Unicode char U+00F6 (decimal 246)
   defining Unicode char U+00F8 (decimal 248)
   defining Unicode char U+00F9 (decimal 249)
   defining Unicode char U+00FA (decimal 250)
   defining Unicode char U+00FB (decimal 251)
   defining Unicode char U+00FC (decimal 252)
   defining Unicode char U+00FD (decimal 253)
   defining Unicode char U+00FE (decimal 254)
   defining Unicode char U+00FF (decimal 255)
   defining Unicode char U+0100 (decimal 256)
   defining Unicode char U+0101 (decimal 257)
   defining Unicode char U+0102 (decimal 258)
   defining Unicode char U+0103 (decimal 259)
   defining Unicode char U+0104 (decimal 260)
   defining Unicode char U+0105 (decimal 261)
   defining Unicode char U+0106 (decimal 262)
   defining Unicode char U+0107 (decimal 263)
   defining Unicode char U+0108 (decimal 264)
   defining Unicode char U+0109 (decimal 265)
   defining Unicode char U+010A (decimal 266)
   defining Unicode char U+010B (decimal 267)
   defining Unicode char U+010C (decimal 268)
   defining Unicode char U+010D (decimal 269)
   defining Unicode char U+010E (decimal 270)
   defining Unicode char U+010F (decimal 271)
   defining Unicode char U+0110 (decimal 272)
   defining Unicode char U+0111 (decimal 273)
   defining Unicode char U+0112 (decimal 274)
   defining Unicode char U+0113 (decimal 275)
   defining Unicode char U+0114 (decimal 276)
   defining Unicode char U+0115 (decimal 277)
   defining Unicode char U+0116 (decimal 278)
   defining Unicode char U+0117 (decimal 279)
   defining Unicode char U+0118 (decimal 280)
   defining Unicode char U+0119 (decimal 281)
   defining Unicode char U+011A (decimal 282)
   defining Unicode char U+011B (decimal 283)
   defining Unicode char U+011C (decimal 284)
   defining Unicode char U+011D (decimal 285)
   defining Unicode char U+011E (decimal 286)
   defining Unicode char U+011F (decimal 287)
   defining Unicode char U+0120 (decimal 288)
   defining Unicode char U+0121 (decimal 289)
   defining Unicode char U+0122 (decimal 290)
   defining Unicode char U+0123 (decimal 291)
   defining Unicode char U+0124 (decimal 292)
   defining Unicode char U+0125 (decimal 293)
   defining Unicode char U+0128 (decimal 296)
   defining Unicode char U+0129 (decimal 297)
   defining Unicode char U+012A (decimal 298)
   defining Unicode char U+012B (decimal 299)
   defining Unicode char U+012C (decimal 300)
   defining Unicode char U+012D (decimal 301)
   defining Unicode char U+012E (decimal 302)
   defining Unicode char U+012F (decimal 303)
   defining Unicode char U+0130 (decimal 304)
   defining Unicode char U+0131 (decimal 305)
   defining Unicode char U+0132 (decimal 306)
   defining Unicode char U+0133 (decimal 307)
   defining Unicode char U+0134 (decimal 308)
   defining Unicode char U+0135 (decimal 309)
   defining Unicode char U+0136 (decimal 310)
   defining Unicode char U+0137 (decimal 311)
   defining Unicode char U+0139 (decimal 313)
   defining Unicode char U+013A (decimal 314)
   defining Unicode char U+013B (decimal 315)
   defining Unicode char U+013C (decimal 316)
   defining Unicode char U+013D (decimal 317)
   defining Unicode char U+013E (decimal 318)
   defining Unicode char U+0141 (decimal 321)
   defining Unicode char U+0142 (decimal 322)
   defining Unicode char U+0143 (decimal 323)
   defining Unicode char U+0144 (decimal 324)
   defining Unicode char U+0145 (decimal 325)
   defining Unicode char U+0146 (decimal 326)
   defining Unicode char U+0147 (decimal 327)
   defining Unicode char U+0148 (decimal 328)
   defining Unicode char U+014A (decimal 330)
   defining Unicode char U+014B (decimal 331)
   defining Unicode char U+014C (decimal 332)
   defining Unicode char U+014D (decimal 333)
   defining Unicode char U+014E (decimal 334)
   defining Unicode char U+014F (decimal 335)
   defining Unicode char U+0150 (decimal 336)
   defining Unicode char U+0151 (decimal 337)
   defining Unicode char U+0152 (decimal 338)
   defining Unicode char U+0153 (decimal 339)
   defining Unicode char U+0154 (decimal 340)
   defining Unicode char U+0155 (decimal 341)
   defining Unicode char U+0156 (decimal 342)
   defining Unicode char U+0157 (decimal 343)
   defining Unicode char U+0158 (decimal 344)
   defining Unicode char U+0159 (decimal 345)
   defining Unicode char U+015A (decimal 346)
   defining Unicode char U+015B (decimal 347)
   defining Unicode char U+015C (decimal 348)
   defining Unicode char U+015D (decimal 349)
   defining Unicode char U+015E (decimal 350)
   defining Unicode char U+015F (decimal 351)
   defining Unicode char U+0160 (decimal 352)
   defining Unicode char U+0161 (decimal 353)
   defining Unicode char U+0162 (decimal 354)
   defining Unicode char U+0163 (decimal 355)
   defining Unicode char U+0164 (decimal 356)
   defining Unicode char U+0165 (decimal 357)
   defining Unicode char U+0168 (decimal 360)
   defining Unicode char U+0169 (decimal 361)
   defining Unicode char U+016A (decimal 362)
   defining Unicode char U+016B (decimal 363)
   defining Unicode char U+016C (decimal 364)
   defining Unicode char U+016D (decimal 365)
   defining Unicode char U+016E (decimal 366)
   defining Unicode char U+016F (decimal 367)
   defining Unicode char U+0170 (decimal 368)
   defining Unicode char U+0171 (decimal 369)
   defining Unicode char U+0172 (decimal 370)
   defining Unicode char U+0173 (decimal 371)
   defining Unicode char U+0174 (decimal 372)
   defining Unicode char U+0175 (decimal 373)
   defining Unicode char U+0176 (decimal 374)
   defining Unicode char U+0177 (decimal 375)
   defining Unicode char U+0178 (decimal 376)
   defining Unicode char U+0179 (decimal 377)
   defining Unicode char U+017A (decimal 378)
   defining Unicode char U+017B (decimal 379)
   defining Unicode char U+017C (decimal 380)
   defining Unicode char U+017D (decimal 381)
   defining Unicode char U+017E (decimal 382)
   defining Unicode char U+01CD (decimal 461)
   defining Unicode char U+01CE (decimal 462)
   defining Unicode char U+01CF (decimal 463)
   defining Unicode char U+01D0 (decimal 464)
   defining Unicode char U+01D1 (decimal 465)
   defining Unicode char U+01D2 (decimal 466)
   defining Unicode char U+01D3 (decimal 467)
   defining Unicode char U+01D4 (decimal 468)
   defining Unicode char U+01E2 (decimal 482)
   defining Unicode char U+01E3 (decimal 483)
   defining Unicode char U+01E6 (decimal 486)
   defining Unicode char U+01E7 (decimal 487)
   defining Unicode char U+01E8 (decimal 488)
   defining Unicode char U+01E9 (decimal 489)
   defining Unicode char U+01EA (decimal 490)
   defining Unicode char U+01EB (decimal 491)
   defining Unicode char U+01F0 (decimal 496)
   defining Unicode char U+01F4 (decimal 500)
   defining Unicode char U+01F5 (decimal 501)
   defining Unicode char U+0218 (decimal 536)
   defining Unicode char U+0219 (decimal 537)
   defining Unicode char U+021A (decimal 538)
   defining Unicode char U+021B (decimal 539)
   defining Unicode char U+01E02 (decimal 7682)
   defining Unicode char U+01E03 (decimal 7683)
   defining Unicode char U+200C (decimal 8204)
   defining Unicode char U+2013 (decimal 8211)
   defining Unicode char U+2014 (decimal 8212)
   defining Unicode char U+2018 (decimal 8216)
   defining Unicode char U+2019 (decimal 8217)
   defining Unicode char U+201A (decimal 8218)
   defining Unicode char U+201C (decimal 8220)
   defining Unicode char U+201D (decimal 8221)
   defining Unicode char U+201E (decimal 8222)
   defining Unicode char U+2030 (decimal 8240)
   defining Unicode char U+2031 (decimal 8241)
   defining Unicode char U+2039 (decimal 8249)
   defining Unicode char U+203A (decimal 8250)
   defining Unicode char U+2423 (decimal 9251)
)
Now handling font encoding OT1 ...
... processing UTF-8 mapping file for font encoding OT1

(/usr/share/texlive/texmf-dist/tex/latex/base/ot1enc.dfu
File: ot1enc.dfu 2015/12/03 v1.1r UTF-8 support for inputenc
   defining Unicode char U+00A0 (decimal 160)
   defining Unicode char U+00A1 (decimal 161)
   defining Unicode char U+00A3 (decimal 163)
   defining Unicode char U+00AD (decimal 173)
   defining Unicode char U+00B8 (decimal 184)
   defining Unicode char U+00BF (decimal 191)
   defining Unicode char U+00C5 (decimal 197)
   defining Unicode char U+00C6 (decimal 198)
   defining Unicode char U+00D8 (decimal 216)
   defining Unicode char U+00DF (decimal 223)
   defining Unicode char U+00E6 (decimal 230)
   defining Unicode char U+00EC (decimal 236)
   defining Unicode char U+00ED (decimal 237)
   defining Unicode char U+00EE (decimal 238)
   defining Unicode char U+00EF (decimal 239)
   defining Unicode char U+00F8 (decimal 248)
   defining Unicode char U+0131 (decimal 305)
   defining Unicode char U+0141 (decimal 321)
   defining Unicode char U+0142 (decimal 322)
   defining Unicode char U+0152 (decimal 338)
   defining Unicode char U+0153 (decimal 339)
   defining Unicode char U+0174 (decimal 372)
   defining Unicode char U+0175 (decimal 373)
   defining Unicode char U+0176 (decimal 374)
   defining Unicode char U+0177 (decimal 375)
   defining Unicode char U+0218 (decimal 536)
   defining Unicode char U+0219 (decimal 537)
   defining Unicode char U+021A (decimal 538)
   defining Unicode char U+021B (decimal 539)
   defining Unicode char U+2013 (decimal 8211)
   defining Unicode char U+2014 (decimal 8212)
   defining Unicode char U+2018 (decimal 8216)
   defining Unicode char U+2019 (decimal 8217)
   defining Unicode char U+201C (decimal 8220)
   defining Unicode char U+201D (decimal 8221)
)
Now handling font encoding OMS ...
... processing UTF-8 mapping file for font encoding OMS

(/usr/share/texlive/texmf-dist/tex/latex/base/omsenc.dfu
File: omsenc.dfu 2015/12/03 v1.1r UTF-8 support for inputenc
   defining Unicode char U+00A7 (decimal 167)
   defining Unicode char U+00B6 (decimal 182)
   defining Unicode char U+00B7 (decimal 183)
   defining Unicode char U+2020 (decimal 8224)
   defining Unicode char U+2021 (decimal 8225)
   defining Unicode char U+2022 (decimal 8226)
)
Now handling font encoding OMX ...
... no UTF-8 mapping file for font encoding OMX
Now handling font encoding U ...
... no UTF-8 mapping file for font encoding U
   defining Unicode char U+00A9 (decimal 169)
   defining Unicode char U+00AA (decimal 170)
   defining Unicode char U+00AE (decimal 174)
   defining Unicode char U+00BA (decimal 186)
   defining Unicode char U+02C6 (decimal 710)
   defining Unicode char U+02DC (decimal 732)
   defining Unicode char U+200C (decimal 8204)
   defining Unicode char U+2026 (decimal 8230)
   defining Unicode char U+2122 (decimal 8482)
   defining Unicode char U+2423 (decimal 9251)
))
(/usr/share/texlive/texmf-dist/tex/latex/mathtools/mathtools.sty
Package: mathtools 2015/11/12 v1.18 mathematical typesetting tools

(/usr/share/texlive/texmf-dist/tex/latex/graphics/keyval.sty
Package: keyval 2014/10/28 v1.15 key=value parser (DPC)
\KV@toks@=\toks16
)
(/usr/share/texlive/texmf-dist/tex/latex/tools/calc.sty
Package: calc 2014/10/28 v4.3 Infix arithmetic (KKT,FJ)
\calc@Acount=\count87
\calc@Bcount=\count88
\calc@Adimen=\dimen103
\calc@Bdimen=\dimen104
\calc@Askip=\skip43
\calc@Bskip=\skip44
LaTeX Info: Redefining \setlength on input line 80.
LaTeX Info: Redefining \addtolength on input line 81.
\calc@Ccount=\count89
\calc@Cskip=\skip45
)
(/usr/share/texlive/texmf-dist/tex/latex/mathtools/mhsetup.sty
Package: mhsetup 2010/01/21 v1.2a programming setup (MH)
)
(/usr/share/texlive/texmf-dist/tex/latex/amsmath/amsmath.sty
Package: amsmath 2016/03/03 v2.15a AMS math features
\@mathmargin=\skip46

For additional information on amsmath, use the `?' option.
(/usr/share/texlive/texmf-dist/tex/latex/amsmath/amstext.sty
Package: amstext 2000/06/29 v2.01 AMS text

(/usr/share/texlive/texmf-dist/tex/latex/amsmath/amsgen.sty
File: amsgen.sty 1999/11/30 v2.0 generic functions
\@emptytoks=\toks17
\ex@=\dimen105
))
(/usr/share/texlive/texmf-dist/tex/latex/amsmath/amsbsy.sty
Package: amsbsy 1999/11/29 v1.2d Bold Symbols
\pmbraise@=\dimen106
)
(/usr/share/texlive/texmf-dist/tex/latex/amsmath/amsopn.sty
Package: amsopn 1999/12/14 v2.01 operator names
)
\inf@bad=\count90
LaTeX Info: Redefining \frac on input line 199.
\uproot@=\count91
\leftroot@=\count92
LaTeX Info: Redefining \overline on input line 297.
\classnum@=\count93
\DOTSCASE@=\count94
LaTeX Info: Redefining \ldots on input line 394.
LaTeX Info: Redefining \dots on input line 397.
LaTeX Info: Redefining \cdots on input line 518.
\Mathstrutbox@=\box26
\strutbox@=\box27
\big@size=\dimen107
LaTeX Font Info:    Redeclaring font encoding OML on input line 630.
LaTeX Font Info:    Redeclaring font encoding OMS on input line 631.
\macc@depth=\count95
\c@MaxMatrixCols=\count96
\dotsspace@=\muskip10
\c@parentequation=\count97
\dspbrk@lvl=\count98
\tag@help=\toks18
\row@=\count99
\column@=\count100
\maxfields@=\count101
\andhelp@=\toks19
\eqnshift@=\dimen108
\alignsep@=\dimen109
\tagshift@=\dimen110
\tagwidth@=\dimen111
\totwidth@=\dimen112
\lineht@=\dimen113
\@envbody=\toks20
\multlinegap=\skip47
\multlinetaggap=\skip48
\mathdisplay@stack=\toks21
LaTeX Info: Redefining \[ on input line 2735.
LaTeX Info: Redefining \] on input line 2736.
)
LaTeX Info: Thecontrolsequence`\('isalreadyrobust on input line 129.
LaTeX Info: Thecontrolsequence`\)'isalreadyrobust on input line 129.
LaTeX Info: Thecontrolsequence`\['isalreadyrobust on input line 129.
LaTeX Info: Thecontrolsequence`\]'isalreadyrobust on input line 129.
\g_MT_multlinerow_int=\count102
\l_MT_multwidth_dim=\dimen114
\origjot=\skip49
\l_MT_shortvdotswithinadjustabove_dim=\dimen115
\l_MT_shortvdotswithinadjustbelow_dim=\dimen116
\l_MT_above_intertext_sep=\dimen117
\l_MT_below_intertext_sep=\dimen118
\l_MT_above_shortintertext_sep=\dimen119
\l_MT_below_shortintertext_sep=\dimen120
)
(/usr/share/texlive/texmf-dist/tex/latex/chngcntr/chngcntr.sty
Package: chngcntr 2009/09/02 v1.0a change counter resetting
)
(/usr/share/texlive/texmf-dist/tex/latex/graphics/graphicx.sty
Package: graphicx 2014/10/28 v1.0g Enhanced LaTeX Graphics (DPC,SPQR)

(/usr/share/texlive/texmf-dist/tex/latex/graphics/graphics.sty
Package: graphics 2016/01/03 v1.0q Standard LaTeX Graphics (DPC,SPQR)

(/usr/share/texlive/texmf-dist/tex/latex/graphics/trig.sty
Package: trig 2016/01/03 v1.10 sin cos tan (DPC)
)
(/usr/share/texlive/texmf-dist/tex/latex/latexconfig/graphics.cfg
File: graphics.cfg 2010/04/23 v1.9 graphics configuration of TeX Live
)
Package graphics Info: Driver file: pdftex.def on input line 95.

(/usr/share/texlive/texmf-dist/tex/latex/pdftex-def/pdftex.def
File: pdftex.def 2011/05/27 v0.06d Graphics/color for pdfTeX

(/usr/share/texlive/texmf-dist/tex/generic/oberdiek/infwarerr.sty
Package: infwarerr 2010/04/08 v1.3 Providing info/warning/error messages (HO)
)
(/usr/share/texlive/texmf-dist/tex/generic/oberdiek/ltxcmds.sty
Package: ltxcmds 2011/11/09 v1.22 LaTeX kernel commands for general use (HO)
)
\Gread@gobject=\count103
))
\Gin@req@height=\dimen121
\Gin@req@width=\dimen122
)
(/usr/share/texlive/texmf-dist/tex/latex/caption/subcaption.sty
Package: subcaption 2016/02/20 v1.1-142 Sub-captions (AR)

(/usr/share/texlive/texmf-dist/tex/latex/caption/caption.sty
Package: caption 2016/02/21 v3.3-144 Customizing captions (AR)

(/usr/share/texlive/texmf-dist/tex/latex/caption/caption3.sty
Package: caption3 2016/02/04 v1.7-139 caption3 kernel (AR)
Package caption3 Info: TeX engine: e-TeX on input line 67.
\captionmargin=\dimen123
\captionmargin@=\dimen124
\captionwidth=\dimen125
\caption@tempdima=\dimen126
\caption@indent=\dimen127
\caption@parindent=\dimen128
\caption@hangindent=\dimen129
)
\c@ContinuedFloat=\count104
)
\c@subfigure=\count105
\c@subtable=\count106
)
(/usr/share/texlive/texmf-dist/tex/latex/wrapfig/wrapfig.sty
\wrapoverhang=\dimen130
\WF@size=\dimen131
\c@WF@wrappedlines=\count107
\WF@box=\box28
\WF@everypar=\toks22
Package: wrapfig 2003/01/31  v 3.6
)
(/usr/share/texlive/texmf-dist/tex/latex/float/float.sty
Package: float 2001/11/08 v1.3d Float enhancements (AL)
\c@float@type=\count108
\float@exts=\toks23
\float@box=\box29
\@float@everytoks=\toks24
\@floatcapt=\box30
)
(/usr/share/texlive/texmf-dist/tex/latex/svg/svg.sty
Package: svg 2012/09/05 v1.0 SVG inclusion and extraction

(/usr/share/texlive/texmf-dist/tex/latex/xkeyval/xkeyval.sty
Package: xkeyval 2014/12/03 v2.7a package option processing (HA)

(/usr/share/texlive/texmf-dist/tex/generic/xkeyval/xkeyval.tex
(/usr/share/texlive/texmf-dist/tex/generic/xkeyval/xkvutils.tex
\XKV@toks=\toks25
\XKV@tempa@toks=\toks26
)
\XKV@depth=\count109
File: xkeyval.tex 2014/12/03 v2.7a key=value parser (HA)
))
(/usr/share/texlive/texmf-dist/tex/latex/subfig/subfig.sty
Package: subfig 2005/06/28 ver: 1.3 subfig package
\c@KVtest=\count110
\sf@farskip=\skip50
\sf@captopadj=\dimen132
\sf@capskip=\skip51
\sf@nearskip=\skip52
\sf@top=\skip53
\sf@bottom=\skip54
)
(/usr/share/texlive/texmf-dist/tex/latex/import/import.sty
Package: import 2009/03/23  v 5.1
)
(/usr/share/texlive/texmf-dist/tex/latex/oberdiek/transparent.sty
Package: transparent 2007/01/08 v1.0 Transparency via pdfTeX's color stack (HO)


(/usr/share/texlive/texmf-dist/tex/generic/oberdiek/ifpdf.sty
Package: ifpdf 2011/01/30 v2.3 Provides the ifpdf switch (HO)
Package ifpdf Info: pdfTeX in PDF mode is detected.
)
(/usr/share/texlive/texmf-dist/tex/latex/oberdiek/auxhook.sty
Package: auxhook 2011/03/04 v1.3 Hooks for auxiliary files (HO)
))
(/usr/share/texlive/texmf-dist/tex/latex/xcolor/xcolor.sty
Package: xcolor 2007/01/21 v2.11 LaTeX color extensions (UK)

(/usr/share/texlive/texmf-dist/tex/latex/latexconfig/color.cfg
File: color.cfg 2007/01/18 v1.5 color configuration of teTeX/TeXLive
)
Package xcolor Info: Driver file: pdftex.def on input line 225.
Package xcolor Info: Model `cmy' substituted by `cmy0' on input line 1337.
Package xcolor Info: Model `hsb' substituted by `rgb' on input line 1341.
Package xcolor Info: Model `RGB' extended on input line 1353.
Package xcolor Info: Model `HTML' substituted by `rgb' on input line 1355.
Package xcolor Info: Model `Hsb' substituted by `hsb' on input line 1356.
Package xcolor Info: Model `tHsb' substituted by `hsb' on input line 1357.
Package xcolor Info: Model `HSB' substituted by `hsb' on input line 1358.
Package xcolor Info: Model `Gray' substituted by `gray' on input line 1359.
Package xcolor Info: Model `wave' substituted by `hsb' on input line 1360.
)
\SVG@out@width=\skip55
\SVG@out@height=\skip56
\c@svgfigure=\count111
) (./report.aux

LaTeX Warning: Label `fig:gull' multiply defined.


LaTeX Warning: Label `sub@fig:gull' multiply defined.


LaTeX Warning: Label `fig:tiger' multiply defined.


LaTeX Warning: Label `sub@fig:tiger' multiply defined.


LaTeX Warning: Label `fig:mouse' multiply defined.


LaTeX Warning: Label `sub@fig:mouse' multiply defined.


LaTeX Warning: Label `fig:animals' multiply defined.


LaTeX Warning: Label `fig:gull' multiply defined.


LaTeX Warning: Label `sub@fig:gull' multiply defined.


LaTeX Warning: Label `fig:tiger' multiply defined.


LaTeX Warning: Label `sub@fig:tiger' multiply defined.


LaTeX Warning: Label `fig:mouse' multiply defined.


LaTeX Warning: Label `sub@fig:mouse' multiply defined.


LaTeX Warning: Label `fig:animals' multiply defined.


LaTeX Warning: Label `fig:gull' multiply defined.


LaTeX Warning: Label `sub@fig:gull' multiply defined.


LaTeX Warning: Label `fig:tiger' multiply defined.


LaTeX Warning: Label `sub@fig:tiger' multiply defined.


LaTeX Warning: Label `fig:mouse' multiply defined.


LaTeX Warning: Label `sub@fig:mouse' multiply defined.


LaTeX Warning: Label `fig:animals' multiply defined.


LaTeX Warning: Label `fig:gull' multiply defined.


LaTeX Warning: Label `sub@fig:gull' multiply defined.


LaTeX Warning: Label `fig:tiger' multiply defined.


LaTeX Warning: Label `sub@fig:tiger' multiply defined.


LaTeX Warning: Label `fig:mouse' multiply defined.


LaTeX Warning: Label `sub@fig:mouse' multiply defined.


LaTeX Warning: Label `fig:animals' multiply defined.


LaTeX Warning: Label `fig:gull' multiply defined.


LaTeX Warning: Label `sub@fig:gull' multiply defined.


LaTeX Warning: Label `fig:tiger' multiply defined.


LaTeX Warning: Label `sub@fig:tiger' multiply defined.


LaTeX Warning: Label `fig:mouse' multiply defined.


LaTeX Warning: Label `sub@fig:mouse' multiply defined.


LaTeX Warning: Label `fig:animals' multiply defined.


LaTeX Warning: Label `fig:gull' multiply defined.


LaTeX Warning: Label `sub@fig:gull' multiply defined.


LaTeX Warning: Label `fig:tiger' multiply defined.


LaTeX Warning: Label `sub@fig:tiger' multiply defined.


LaTeX Warning: Label `fig:mouse' multiply defined.


LaTeX Warning: Label `sub@fig:mouse' multiply defined.


LaTeX Warning: Label `fig:animals' multiply defined.


LaTeX Warning: Label `fig:gull' multiply defined.


LaTeX Warning: Label `sub@fig:gull' multiply defined.


LaTeX Warning: Label `fig:tiger' multiply defined.


LaTeX Warning: Label `sub@fig:tiger' multiply defined.


LaTeX Warning: Label `fig:mouse' multiply defined.


LaTeX Warning: Label `sub@fig:mouse' multiply defined.


LaTeX Warning: Label `fig:animals' multiply defined.


LaTeX Warning: Label `fig:gull' multiply defined.


LaTeX Warning: Label `sub@fig:gull' multiply defined.


LaTeX Warning: Label `fig:tiger' multiply defined.


LaTeX Warning: Label `sub@fig:tiger' multiply defined.


LaTeX Warning: Label `fig:mouse' multiply defined.


LaTeX Warning: Label `sub@fig:mouse' multiply defined.


LaTeX Warning: Label `fig:animals' multiply defined.

)
\openout1 = `report.aux'.

LaTeX Font Info:    Checking defaults for OML/cmm/m/it on input line 20.
LaTeX Font Info:    ... okay on input line 20.
LaTeX Font Info:    Checking defaults for T1/cmr/m/n on input line 20.
LaTeX Font Info:    ... okay on input line 20.
LaTeX Font Info:    Checking defaults for OT1/cmr/m/n on input line 20.
LaTeX Font Info:    ... okay on input line 20.
LaTeX Font Info:    Checking defaults for OMS/cmsy/m/n on input line 20.
LaTeX Font Info:    ... okay on input line 20.
LaTeX Font Info:    Checking defaults for OMX/cmex/m/n on input line 20.
LaTeX Font Info:    ... okay on input line 20.
LaTeX Font Info:    Checking defaults for U/cmr/m/n on input line 20.
LaTeX Font Info:    ... okay on input line 20.
 (/usr/share/texlive/texmf-dist/tex/context/base/supp-pdf.mkii
[Loading MPS to PDF converter (version 2006.09.02).]
\scratchcounter=\count112
\scratchdimen=\dimen133
\scratchbox=\box31
\nofMPsegments=\count113
\nofMParguments=\count114
\everyMPshowfont=\toks27
\MPscratchCnt=\count115
\MPscratchDim=\dimen134
\MPnumerator=\count116
\makeMPintoPDFobject=\count117
\everyMPtoPDFconversion=\toks28
) (/usr/share/texlive/texmf-dist/tex/generic/oberdiek/pdftexcmds.sty
Package: pdftexcmds 2011/11/29 v0.20 Utility functions of pdfTeX for LuaTeX (HO
)

(/usr/share/texlive/texmf-dist/tex/generic/oberdiek/ifluatex.sty
Package: ifluatex 2010/03/01 v1.3 Provides the ifluatex switch (HO)
Package ifluatex Info: LuaTeX not detected.
)
Package pdftexcmds Info: LuaTeX not detected.
Package pdftexcmds Info: \pdf@primitive is available.
Package pdftexcmds Info: \pdf@ifprimitive is available.
Package pdftexcmds Info: \pdfdraftmode found.
)
(/usr/share/texlive/texmf-dist/tex/latex/oberdiek/epstopdf-base.sty
Package: epstopdf-base 2010/02/09 v2.5 Base part for package epstopdf

(/usr/share/texlive/texmf-dist/tex/latex/oberdiek/grfext.sty
Package: grfext 2010/08/19 v1.1 Manage graphics extensions (HO)

(/usr/share/texlive/texmf-dist/tex/generic/oberdiek/kvdefinekeys.sty
Package: kvdefinekeys 2011/04/07 v1.3 Define keys (HO)
))
(/usr/share/texlive/texmf-dist/tex/latex/oberdiek/kvoptions.sty
Package: kvoptions 2011/06/30 v3.11 Key value format for package options (HO)

(/usr/share/texlive/texmf-dist/tex/generic/oberdiek/kvsetkeys.sty
Package: kvsetkeys 2012/04/25 v1.16 Key value parser (HO)

(/usr/share/texlive/texmf-dist/tex/generic/oberdiek/etexcmds.sty
Package: etexcmds 2011/02/16 v1.5 Avoid name clashes with e-TeX commands (HO)
Package etexcmds Info: Could not find \expanded.
(etexcmds)             That can mean that you are not using pdfTeX 1.50 or
(etexcmds)             that some package has redefined \expanded.
(etexcmds)             In the latter case, load this package earlier.
)))
Package grfext Info: Graphics extension search list:
(grfext)             [.png,.pdf,.jpg,.mps,.jpeg,.jbig2,.jb2,.PNG,.PDF,.JPG,.JPE
G,.JBIG2,.JB2,.eps]
(grfext)             \AppendGraphicsExtensions on input line 452.

(/usr/share/texlive/texmf-dist/tex/latex/latexconfig/epstopdf-sys.cfg
File: epstopdf-sys.cfg 2010/07/13 v1.3 Configuration of (r)epstopdf for TeX Liv
e
))
Package caption Info: Begin \AtBeginDocument code.
Package caption Info: subfig package v1.3 is loaded.
Package caption Info: float package is loaded.
Package caption Info: wrapfig package is loaded.
Package caption Info: End \AtBeginDocument code.

[1

{/var/lib/texmf/fonts/map/pdftex/updmap/pdftex.map}] (./report.toc [1])
\tf@toc=\write3
\openout3 = `report.toc'.


[2] [3] [4] [5] <Images/f1.png, id=29, 375.4025pt x 252.945pt>
File: Images/f1.png Graphic file (type png)

<use Images/f1.png>
Package pdftex.def Info: Images/f1.png used on input line 114.
(pdftex.def)             Requested size: 117.00119pt x 78.83282pt.
 <Images/f2.png, id=31, 375.4025pt x 252.945pt>
File: Images/f2.png Graphic file (type png)

<use Images/f2.png>
Package pdftex.def Info: Images/f2.png used on input line 120.
(pdftex.def)             Requested size: 117.00119pt x 78.83282pt.
 <Images/f3.png, id=32, 375.4025pt x 252.945pt>
File: Images/f3.png Graphic file (type png)

<use Images/f3.png>
Package pdftex.def Info: Images/f3.png used on input line 126.
(pdftex.def)             Requested size: 117.00119pt x 78.83282pt.
 <Images/basic1.png, id=33, 375.4025pt x 252.945pt>
File: Images/basic1.png Graphic file (type png)

<use Images/basic1.png>
Package pdftex.def Info: Images/basic1.png used on input line 135.
(pdftex.def)             Requested size: 117.00119pt x 78.83282pt.
 <Images/basic2.png, id=34, 375.4025pt x 252.945pt>
File: Images/basic2.png Graphic file (type png)

<use Images/basic2.png>
Package pdftex.def Info: Images/basic2.png used on input line 141.
(pdftex.def)             Requested size: 117.00119pt x 78.83282pt.
 <Images/basic3.png, id=35, 375.4025pt x 252.945pt>
File: Images/basic3.png Graphic file (type png)

<use Images/basic3.png>
Package pdftex.def Info: Images/basic3.png used on input line 147.
(pdftex.def)             Requested size: 117.00119pt x 78.83282pt.
 <Images/fo1.png, id=36, 384.43625pt x 252.945pt>
File: Images/fo1.png Graphic file (type png)

<use Images/fo1.png>
Package pdftex.def Info: Images/fo1.png used on input line 156.
(pdftex.def)             Requested size: 117.00119pt x 76.98021pt.
 <Images/fo2.png, id=37, 384.43625pt x 252.945pt>
File: Images/fo2.png Graphic file (type png)

<use Images/fo2.png>
Package pdftex.def Info: Images/fo2.png used on input line 162.
(pdftex.def)             Requested size: 117.00119pt x 76.98021pt.
 <Images/fo3.png, id=38, 375.4025pt x 252.945pt>
File: Images/fo3.png Graphic file (type png)

<use Images/fo3.png>
Package pdftex.def Info: Images/fo3.png used on input line 168.
(pdftex.def)             Requested size: 117.00119pt x 78.83282pt.


LaTeX Warning: `h' float specifier changed to `ht'.

<Images/of1.png, id=39, 375.4025pt x 252.945pt>
File: Images/of1.png Graphic file (type png)
 <use Images/of1.png>
Package pdftex.def Info: Images/of1.png used on input line 177.
(pdftex.def)             Requested size: 117.00119pt x 78.83282pt.

<Images/of2.png, id=40, 375.4025pt x 252.945pt>
File: Images/of2.png Graphic file (type png)
 <use Images/of2.png>
Package pdftex.def Info: Images/of2.png used on input line 183.
(pdftex.def)             Requested size: 117.00119pt x 78.83282pt.

<Images/of3.png, id=41, 375.4025pt x 252.945pt>
File: Images/of3.png Graphic file (type png)
 <use Images/of3.png>
Package pdftex.def Info: Images/of3.png used on input line 189.
(pdftex.def)             Requested size: 117.00119pt x 78.83282pt.


LaTeX Warning: `h' float specifier changed to `ht'.

<Images/basic_f1.png, id=42, 376.40625pt x 252.945pt>
File: Images/basic_f1.png Graphic file (type png)

<use Images/basic_f1.png>
Package pdftex.def Info: Images/basic_f1.png used on input line 202.
(pdftex.def)             Requested size: 117.00119pt x 78.6244pt.

<Images/basic_f2.png, id=43, 376.40625pt x 252.945pt>
File: Images/basic_f2.png Graphic file (type png)

<use Images/basic_f2.png>
Package pdftex.def Info: Images/basic_f2.png used on input line 208.
(pdftex.def)             Requested size: 117.00119pt x 78.6244pt.

<Images/basic_f3.png, id=44, 376.40625pt x 252.945pt>
File: Images/basic_f3.png Graphic file (type png)

<use Images/basic_f3.png>
Package pdftex.def Info: Images/basic_f3.png used on input line 214.
(pdftex.def)             Requested size: 117.00119pt x 78.6244pt.


LaTeX Warning: `h' float specifier changed to `ht'.

<Images/of_f1.png, id=45, 382.42876pt x 252.945pt>
File: Images/of_f1.png Graphic file (type png)
 <use Images/of_f1.png>
Package pdftex.def Info: Images/of_f1.png used on input line 222.
(pdftex.def)             Requested size: 117.00119pt x 77.38547pt.

<Images/of_f2.png, id=46, 376.40625pt x 252.945pt>
File: Images/of_f2.png Graphic file (type png)
 <use Images/of_f2.png>
Package pdftex.def Info: Images/of_f2.png used on input line 228.
(pdftex.def)             Requested size: 117.00119pt x 78.6244pt.

<Images/of_f3.png, id=47, 376.40625pt x 252.945pt>
File: Images/of_f3.png Graphic file (type png)
 <use Images/of_f3.png>
Package pdftex.def Info: Images/of_f3.png used on input line 234.
(pdftex.def)             Requested size: 117.00119pt x 78.6244pt.


LaTeX Warning: `h' float specifier changed to `ht'.

<Images/fo_f1.png, id=48, 376.40625pt x 252.945pt>
File: Images/fo_f1.png Graphic file (type png)
 <use Images/fo_f1.png>
Package pdftex.def Info: Images/fo_f1.png used on input line 242.
(pdftex.def)             Requested size: 117.00119pt x 78.6244pt.

<Images/fo_f2.png, id=49, 376.40625pt x 252.945pt>
File: Images/fo_f2.png Graphic file (type png)
 <use Images/fo_f2.png>
Package pdftex.def Info: Images/fo_f2.png used on input line 248.
(pdftex.def)             Requested size: 117.00119pt x 78.6244pt.

<Images/fo_f3.png, id=50, 376.40625pt x 252.945pt>
File: Images/fo_f3.png Graphic file (type png)
 <use Images/fo_f3.png>
Package pdftex.def Info: Images/fo_f3.png used on input line 254.
(pdftex.def)             Requested size: 117.00119pt x 78.6244pt.


LaTeX Warning: `h' float specifier changed to `ht'.

<Images/of_c1.png, id=51, 384.43625pt x 252.945pt>
File: Images/of_c1.png Graphic file (type png)
 <use Images/of_c1.png>
Package pdftex.def Info: Images/of_c1.png used on input line 262.
(pdftex.def)             Requested size: 117.00119pt x 76.98021pt.

<Images/of_c2.png, id=52, 376.40625pt x 252.945pt>
File: Images/of_c2.png Graphic file (type png)
 <use Images/of_c2.png>
Package pdftex.def Info: Images/of_c2.png used on input line 268.
(pdftex.def)             Requested size: 117.00119pt x 78.6244pt.

<Images/of_c3.png, id=53, 376.40625pt x 252.945pt>
File: Images/of_c3.png Graphic file (type png)
 <use Images/of_c3.png>
Package pdftex.def Info: Images/of_c3.png used on input line 274.
(pdftex.def)             Requested size: 117.00119pt x 78.6244pt.


LaTeX Warning: `h' float specifier changed to `ht'.

<Images/fo_c1.png, id=54, 391.4625pt x 252.945pt>
File: Images/fo_c1.png Graphic file (type png)
 <use Images/fo_c1.png>
Package pdftex.def Info: Images/fo_c1.png used on input line 284.
(pdftex.def)             Requested size: 117.00119pt x 75.59846pt.

<Images/fo_c2.png, id=55, 391.4625pt x 252.945pt>
File: Images/fo_c2.png Graphic file (type png)
 <use Images/fo_c2.png>
Package pdftex.def Info: Images/fo_c2.png used on input line 290.
(pdftex.def)             Requested size: 117.00119pt x 75.59846pt.

<Images/fo_c3.png, id=56, 391.4625pt x 252.945pt>
File: Images/fo_c3.png Graphic file (type png)
 <use Images/fo_c3.png>
Package pdftex.def Info: Images/fo_c3.png used on input line 296.
(pdftex.def)             Requested size: 117.00119pt x 75.59846pt.

[6 <./Images/f1.png> <./Images/f2.png> <./Images/f3.png> <./Images/basic1.png> 
<./Images/basic2.png> <./Images/basic3.png>] [7 <./Images/fo1.png> <./Images/fo
2.png> <./Images/fo3.png> <./Images/of1.png> <./Images/of2.png> <./Images/of3.p
ng> <./Images/fo_c1.png> <./Images/fo_c2.png> <./Images/fo_c3.png>] [8 <./Image
s/basic_f1.png> <./Images/basic_f2.png> <./Images/basic_f3.png> <./Images/of_f1
.png> <./Images/of_f2.png> <./Images/of_f3.png>] [9 <./Images/fo_f1.png> <./Ima
ges/fo_f2.png> <./Images/fo_f3.png> <./Images/of_c1.png> <./Images/of_c2.png> <
./Images/of_c3.png>] [10] [11]
Overfull \hbox (5.2002pt too wide) in paragraph at lines 520--520
[]    \OT1/cmtt/m/n/12 LSTM cell object which takes 3 arguments for initializat
ion.[] 
 []


Overfull \hbox (23.7252pt too wide) in paragraph at lines 520--520
[]    \OT1/cmtt/m/n/12 def __init__(self, input_size, hidden_layer_size, target
_size):[] 
 []


Overfull \hbox (11.3752pt too wide) in paragraph at lines 520--520
[]        \OT1/cmtt/m/n/12 self.bf = tf.Variable(tf.zeros([self.hidden_layer_si
ze]))[] 
 []


Overfull \hbox (11.3752pt too wide) in paragraph at lines 520--520
[]        \OT1/cmtt/m/n/12 self.bi = tf.Variable(tf.zeros([self.hidden_layer_si
ze]))[] 
 []

[12]
Overfull \hbox (11.3752pt too wide) in paragraph at lines 520--520
[]        \OT1/cmtt/m/n/12 self.bc = tf.Variable(tf.zeros([self.hidden_layer_si
ze]))[] 
 []


Overfull \hbox (17.5502pt too wide) in paragraph at lines 520--520
[]        \OT1/cmtt/m/n/12 self.bog = tf.Variable(tf.zeros([self.hidden_layer_s
ize]))[] 
 []


Overfull \hbox (313.95035pt too wide) in paragraph at lines 520--520
[]        \OT1/cmtt/m/n/12 self.Wo = tf.Variable(tf.truncated_normal([self.hidd
en_layer_size, self.target_size], mean=0, stddev=.01))[] 
 []


Overfull \hbox (165.75027pt too wide) in paragraph at lines 520--520
[]        \OT1/cmtt/m/n/12 self.bo = tf.Variable(tf.truncated_normal([self.targ
et_size], mean=0, stddev=.01))[] 
 []


Overfull \hbox (66.95023pt too wide) in paragraph at lines 520--520
[]                                      \OT1/cmtt/m/n/12 shape=[None, None, sel
f.input_size],[] 
 []


Overfull \hbox (54.60022pt too wide) in paragraph at lines 520--520
[]        \OT1/cmtt/m/n/12 self.processed_input = process_batch_input_for_RNN(s
elf._inputs)[] 
 []


Overfull \hbox (17.5502pt too wide) in paragraph at lines 520--520
[]        \OT1/cmtt/m/n/12 Initial hidden state's shape is [1,self.hidden_layer
_size][] 
 []


Overfull \hbox (36.07521pt too wide) in paragraph at lines 520--520
[]        \OT1/cmtt/m/n/12 In First time stamp, we are doing dot product with w
eights to[] 
 []


Overfull \hbox (29.9002pt too wide) in paragraph at lines 520--520
[]        \OT1/cmtt/m/n/12 For this dot product tensorflow use broadcasting. Bu
t during[] 
 []


Overfull \hbox (23.7252pt too wide) in paragraph at lines 520--520
[]        \OT1/cmtt/m/n/12 So to solve the problem it was needed to initialize 
initial[] 
 []


Overfull \hbox (23.7252pt too wide) in paragraph at lines 520--520
[]        \OT1/cmtt/m/n/12 hiddden state of size [batch_size, self.hidden_layer
_size].[] 
 []

[13]
Overfull \hbox (73.12523pt too wide) in paragraph at lines 520--520
[]            \OT1/cmtt/m/n/12 self.initial_hidden, tf.zeros([input_size, hidde
n_layer_size]))[] 
 []


Overfull \hbox (221.3253pt too wide) in paragraph at lines 520--520
[]        \OT1/cmtt/m/n/12 self.initial_hidden=tf.stack([self.initial_hidden,se
lf.initial_hidden,self.initial_hidden])[] 
 []


Overfull \hbox (110.17525pt too wide) in paragraph at lines 520--520
[]        \OT1/cmtt/m/n/12 This function takes previous hidden state and memory
 tuple with input and[] 
 []


Overfull \hbox (97.82524pt too wide) in paragraph at lines 520--520
[]        \OT1/cmtt/m/n/12 previous_hidden_state,c_prev,_=tf.unstack(previous_h
idden_memory_tuple)[] 
 []


Overfull \hbox (128.70026pt too wide) in paragraph at lines 520--520
[]            \OT1/cmtt/m/n/12 tf.matmul(x,self.Wf)+tf.matmul(previous_hidden_s
tate,self.Uf) + self.bf)[] 
 []


Overfull \hbox (128.70026pt too wide) in paragraph at lines 520--520
[]            \OT1/cmtt/m/n/12 tf.matmul(x,self.Wi)+tf.matmul(previous_hidden_s
tate,self.Ui) + self.bi)[] 
 []


Overfull \hbox (128.70026pt too wide) in paragraph at lines 520--520
[]            \OT1/cmtt/m/n/12 tf.matmul(x,self.Wc)+tf.matmul(previous_hidden_s
tate,self.Uc) + self.bc)[] 
 []


Overfull \hbox (215.1503pt too wide) in paragraph at lines 520--520
[]        \OT1/cmtt/m/n/12 o = tf.sigmoid(tf.matmul(x,self.Wog)+tf.matmul(previ
ous_hidden_state,self.Uog) + self.bog)[] 
 []

[14]
Overfull \hbox (29.9002pt too wide) in paragraph at lines 520--520
[]                                    \OT1/cmtt/m/n/12 initializer=self.initial
_hidden,[] 
 []


Overfull \hbox (54.60022pt too wide) in paragraph at lines 520--520
[]        \OT1/cmtt/m/n/12 Iterating through hidden states to get outputs for a
ll timestamp[] 
 []


Overfull \hbox (23.7252pt too wide) in paragraph at lines 520--520
[]        \OT1/cmtt/m/n/12 all_outputs = tf.map_fn(self.get_output, all_hidden_
states)[] 
 []


Overfull \hbox (36.07521pt too wide) in paragraph at lines 520--520
[]\OT1/cmtt/m/n/12 # Function to convert batch input data to use scan ops of te
nsorflow.[] 
 []

[15]
Overfull \hbox (110.17525pt too wide) in paragraph at lines 551--551
[]        \OT1/cmtt/m/n/12 This function takes previous hidden state and memory
 tuple with input and[] 
 []


Overfull \hbox (97.82524pt too wide) in paragraph at lines 551--551
[]        \OT1/cmtt/m/n/12 previous_hidden_state,c_prev,_=tf.unstack(previous_h
idden_memory_tuple)[] 
 []


Overfull \hbox (122.52525pt too wide) in paragraph at lines 551--551
[]            \OT1/cmtt/m/n/12 tf.matmul(x,self.Wf)+tf.matmul(previous_hidden_s
tate,self.Uf) + self.bf[] 
 []


Overfull \hbox (122.52525pt too wide) in paragraph at lines 551--551
[]            \OT1/cmtt/m/n/12 tf.matmul(x,self.Wc)+tf.matmul(previous_hidden_s
tate,self.Uc) + self.bc[] 
 []

[16]
Overfull \hbox (110.17525pt too wide) in paragraph at lines 581--581
[]        \OT1/cmtt/m/n/12 This function takes previous hidden state and memory
 tuple with input and[] 
 []


Overfull \hbox (97.82524pt too wide) in paragraph at lines 581--581
[]        \OT1/cmtt/m/n/12 previous_hidden_state,c_prev,_=tf.unstack(previous_h
idden_memory_tuple)[] 
 []


Overfull \hbox (128.70026pt too wide) in paragraph at lines 581--581
[]            \OT1/cmtt/m/n/12 tf.matmul(x,self.Wf)+tf.matmul(previous_hidden_s
tate,self.Uf) + self.bf)[] 
 []


Overfull \hbox (147.22527pt too wide) in paragraph at lines 581--581
[]            \OT1/cmtt/m/n/12 tf.matmul(x,self.Wog)+tf.matmul(previous_hidden_
state,self.Uog) + self.bog)[] 
 []


Overfull \hbox (128.70026pt too wide) in paragraph at lines 581--581
[]            \OT1/cmtt/m/n/12 tf.matmul(x,self.Wc)+tf.matmul(previous_hidden_s
tate,self.Uc) + self.bc)[] 
 []


Overfull \hbox (110.17525pt too wide) in paragraph at lines 610--610
[]        \OT1/cmtt/m/n/12 This function takes previous hidden state and memory
 tuple with input and[] 
 []


Overfull \hbox (97.82524pt too wide) in paragraph at lines 610--610
[]        \OT1/cmtt/m/n/12 previous_hidden_state,c_prev,_=tf.unstack(previous_h
idden_memory_tuple)[] 
 []

[17]
Overfull \hbox (128.70026pt too wide) in paragraph at lines 610--610
[]            \OT1/cmtt/m/n/12 tf.matmul(x,self.Wf)+tf.matmul(previous_hidden_s
tate,self.Uf) + self.bf)[] 
 []


Overfull \hbox (128.70026pt too wide) in paragraph at lines 610--610
[]            \OT1/cmtt/m/n/12 tf.matmul(x,self.Wc)+tf.matmul(previous_hidden_s
tate,self.Uc) + self.bc)[] 
 []


Overfull \hbox (215.1503pt too wide) in paragraph at lines 610--610
[]        \OT1/cmtt/m/n/12 o = tf.sigmoid(tf.matmul(x,self.Wog)+tf.matmul(previ
ous_hidden_state,self.Uog) + self.bog)[] 
 []


Overfull \hbox (110.17525pt too wide) in paragraph at lines 640--640
[]        \OT1/cmtt/m/n/12 This function takes previous hidden state and memory
 tuple with input and[] 
 []


Overfull \hbox (85.47523pt too wide) in paragraph at lines 640--640
[]        \OT1/cmtt/m/n/12 previous_hidden_state,c_prev=tf.unstack(previous_hid
den_memory_tuple)[] 
 []


Overfull \hbox (128.70026pt too wide) in paragraph at lines 640--640
[]            \OT1/cmtt/m/n/12 tf.matmul(x,self.Wi)+tf.matmul(previous_hidden_s
tate,self.Ui) + self.bi)[] 
 []


Overfull \hbox (128.70026pt too wide) in paragraph at lines 640--640
[]            \OT1/cmtt/m/n/12 tf.matmul(x,self.Wc)+tf.matmul(previous_hidden_s
tate,self.Uc) + self.bc)[] 
 []

[18]
Overfull \hbox (215.1503pt too wide) in paragraph at lines 640--640
[]        \OT1/cmtt/m/n/12 o = tf.sigmoid(tf.matmul(x,self.Wog)+tf.matmul(previ
ous_hidden_state,self.Uog) + self.bog)[] 
 []


Overfull \hbox (110.17525pt too wide) in paragraph at lines 667--667
[]        \OT1/cmtt/m/n/12 This function takes previous hidden state and memory
 tuple with input and[] 
 []


Overfull \hbox (85.47523pt too wide) in paragraph at lines 667--667
[]        \OT1/cmtt/m/n/12 previous_hidden_state,c_prev=tf.unstack(previous_hid
den_memory_tuple)[] 
 []


Overfull \hbox (128.70026pt too wide) in paragraph at lines 667--667
[]            \OT1/cmtt/m/n/12 tf.matmul(x,self.Wc)+tf.matmul(previous_hidden_s
tate,self.Uc) + self.bc)[] 
 []


Overfull \hbox (215.1503pt too wide) in paragraph at lines 667--667
[]        \OT1/cmtt/m/n/12 o = tf.sigmoid(tf.matmul(x,self.Wog)+tf.matmul(previ
ous_hidden_state,self.Uog) + self.bog)[] 
 []

[19]
Overfull \hbox (48.42522pt too wide) in paragraph at lines 709--709
[]\OT1/cmtt/m/n/12 y = tf.placeholder(tf.float32, shape=[None, target_size],nam
e='inputs')[] 
 []


Overfull \hbox (227.5003pt too wide) in paragraph at lines 709--709
[]\OT1/cmtt/m/n/12 cross_entropy = tf.reduce_mean(tf.nn.sigmoid_cross_entropy_w
ith_logits(labels=y,logits=last_output))[] 
 []


Overfull \hbox (54.60022pt too wide) in paragraph at lines 709--709
[]\OT1/cmtt/m/n/12 accuracy = (tf.reduce_mean(tf.cast(correct_prediction, tf.fl
oat32)))*100[] 
 []


Overfull \hbox (104.00024pt too wide) in paragraph at lines 709--709
[]    \OT1/cmtt/m/n/12 Loss,acc = sess.run([cross_entropy,accuracy],feed_dict={
rnn._inputs:X, y:Y})[] 
 []

[20]
Overfull \hbox (91.65024pt too wide) in paragraph at lines 709--709
[]\OT1/cmtt/m/n/12 Test_accuracy=str(sess.run(accuracy,feed_dict={rnn._inputs:X
_test, y:y_test}))[] 
 []

[21]
Overfull \hbox (48.42522pt too wide) in paragraph at lines 809--809
[]\OT1/cmtt/m/n/12 y = tf.placeholder(tf.float32, shape=[None, target_size],nam
e='inputs')[] 
 []


Overfull \hbox (190.45029pt too wide) in paragraph at lines 809--809
[]\OT1/cmtt/m/n/12 #As rnn model output the final layer through Relu activation
 softmax is used for final output.[] 
 []


Overfull \hbox (17.5502pt too wide) in paragraph at lines 809--809
[]\OT1/cmtt/m/n/12 correct_prediction = tf.equal(tf.argmax(y,1), tf.argmax(outp
ut,1))[] 
 []


Overfull \hbox (54.60022pt too wide) in paragraph at lines 809--809
[]\OT1/cmtt/m/n/12 accuracy = (tf.reduce_mean(tf.cast(correct_prediction, tf.fl
oat32)))*100[] 
 []

[22]
Overfull \hbox (165.75027pt too wide) in paragraph at lines 809--809
[]\OT1/cmtt/m/n/12 X_train, X_test, y_train, y_test = train_test_split(X, Y, te
st_size=0.22, random_state=42)[] 
 []


Overfull \hbox (5.2002pt too wide) in paragraph at lines 809--809
[]    \OT1/cmtt/m/n/12 sess.run(train_step,feed_dict={rnn._inputs:X, y:Y,lr:0.0
01})[] 
 []


Overfull \hbox (54.60022pt too wide) in paragraph at lines 809--809
[]        \OT1/cmtt/m/n/12 Loss=str(sess.run(cross_entropy,feed_dict={rnn._inpu
ts:X, y:Y}))[] 
 []


Overfull \hbox (233.67531pt too wide) in paragraph at lines 809--809
[]        \OT1/cmtt/m/n/12 Train_accuracy=str(sess.run(accuracy,feed_dict={rnn.
_inputs:X_train[:500], y:y_train[:500]}))[] 
 []


Overfull \hbox (91.65024pt too wide) in paragraph at lines 809--809
[]\OT1/cmtt/m/n/12 Test_accuracy=str(sess.run(accuracy,feed_dict={rnn._inputs:X
_test, y:y_test}))[] 
 []

[23]
Overfull \hbox (23.7252pt too wide) in paragraph at lines 877--877
[]   \OT1/cmtt/m/n/12 input_data = tf.placeholder(tf.int32, [batchSize, maxSeqL
ength])[] 
 []


Overfull \hbox (134.87526pt too wide) in paragraph at lines 877--877
[]\OT1/cmtt/m/n/12 #data = tf.Variable(tf.zeros([batchSize, maxSeqLength, input
_size]),dtype=tf.float32)[] 
 []


Overfull \hbox (48.42522pt too wide) in paragraph at lines 877--877
[]\OT1/cmtt/m/n/12 y = tf.placeholder(tf.float32, shape=[None, target_size],nam
e='inputs')[] 
 []


Overfull \hbox (227.5003pt too wide) in paragraph at lines 877--877
[]\OT1/cmtt/m/n/12 cross_entropy = tf.reduce_mean(tf.nn.sigmoid_cross_entropy_w
ith_logits(labels=y,logits=last_output))[] 
 []

[24]
Overfull \hbox (17.5502pt too wide) in paragraph at lines 877--877
[]\OT1/cmtt/m/n/12 correct_prediction = tf.equal(tf.argmax(y,1), tf.argmax(outp
ut,1))[] 
 []


Overfull \hbox (54.60022pt too wide) in paragraph at lines 877--877
[]\OT1/cmtt/m/n/12 accuracy = (tf.reduce_mean(tf.cast(correct_prediction, tf.fl
oat32)))*100[] 
 []


Overfull \hbox (190.45029pt too wide) in paragraph at lines 877--877
[]    \OT1/cmtt/m/n/12 l,acc,_ = sess.run([cross_entropy,accuracy,train_step],f
eed_dict={rnn._inputs:_data, y:Y})[] 
 []

[25] (./report.aux)

LaTeX Warning: There were multiply-defined labels.

 ) 
Here is how much of TeX's memory you used:
 5237 strings out of 493029
 76801 string characters out of 6136234
 158083 words of memory out of 5000000
 8654 multiletter control sequences out of 15000+600000
 10449 words of font info for 38 fonts, out of 8000000 for 9000
 1141 hyphenation exceptions out of 8191
 42i,8n,77p,879b,510s stack positions out of 5000i,500n,10000p,200000b,80000s
</usr/share/texlive/texmf-dist/fonts/type1/public/amsfonts/cm/cmbx12.pfb></us
r/share/texlive/texmf-dist/fonts/type1/public/amsfonts/cm/cmmi12.pfb></usr/shar
e/texlive/texmf-dist/fonts/type1/public/amsfonts/cm/cmmi8.pfb></usr/share/texli
ve/texmf-dist/fonts/type1/public/amsfonts/cm/cmr12.pfb></usr/share/texlive/texm
f-dist/fonts/type1/public/amsfonts/cm/cmr17.pfb></usr/share/texlive/texmf-dist/
fonts/type1/public/amsfonts/cm/cmr8.pfb></usr/share/texlive/texmf-dist/fonts/ty
pe1/public/amsfonts/cm/cmsy10.pfb></usr/share/texlive/texmf-dist/fonts/type1/pu
blic/amsfonts/cm/cmsy8.pfb></usr/share/texlive/texmf-dist/fonts/type1/public/am
sfonts/cm/cmti12.pfb></usr/share/texlive/texmf-dist/fonts/type1/public/amsfonts
/cm/cmtt12.pfb>
Output written on report.pdf (26 pages, 581372 bytes).
PDF statistics:
 183 PDF objects out of 1000 (max. 8388607)
 90 compressed objects within 1 object stream
 0 named destinations out of 1000 (max. 500000)
 136 words of extra memory for PDF output out of 10000 (max. 10000000)

